<?xml version='1.0' encoding='utf-8' standalone='yes' ?><testsuites><testsuite name="ch.unibe.unisportbern.support.DBMethodesTest"><testcase classname="ch.unibe.unisportbern.support.DBMethodesTest" name="testFavouriteInDb" time="0.087" /><testcase classname="ch.unibe.unisportbern.support.DBMethodesTest" name="testAndroidTestCaseSetupProperly" time="0.039" /></testsuite></testsuites>